<?xml version="1.0" encoding="UTF-8"?>
<!-- Generated by org.testng.reporters.JUnitReportReporter -->
<testsuite skipped="0" hostname="CNLEN1845000606" name="testcase.Test1" tests="2" failures="0" timestamp="2022-11-03T17:32:09 CST" time="7.689" errors="0">
  <testcase name="test01" time="0.044" classname="testcase.Test1"/>
  <system-out/>
  <testcase name="testUI" time="7.645" classname="testcase.Test1"/>
  <system-out/>
</testsuite> <!-- testcase.Test1 -->
